<?xml version="1.0" encoding="UTF-8"?>
<!-- Generated by org.testng.reporters.JUnitReportReporter -->
<testsuite skipped="0" hostname="Sharvans-MacBook-Air.local" name="TestCases" tests="1" failures="0" timestamp="19 Oct 2022 19:49:15 GMT" time="0.014" errors="0">
  <testcase name="setUp" time="0.014" classname="TestCases"/>
</testsuite> <!-- TestCases -->
